Build started 02-10-2013 23:35:01.
     1>Project "C:\ARProjects\ArTest\ArTest.vcxproj" on node 2 (Build target(s)).
     1>InitializeBuildStatus:
         Touching "Debug\ArTest.unsuccessfulbuild".
       ClCompile:
         All outputs are up-to-date.
       Link:
         C:\Program Files (x86)\Microsoft Visual Studio 11.0\VC\bin\link.exe /ERRORREPORT:PROMPT /OUT:"C:\ARProjects\ArTest\Debug\ArTest.exe" /INCREMENTAL /NOLOGO libARd.lib libARgsubd.lib libARvideod.lib opengl32.lib glu32.lib glut32.lib kernel32.lib user32.lib gdi32.lib winspool.lib comdlg32.lib advapi32.lib shell32.lib ole32.lib oleaut32.lib uuid.lib odbc32.lib odbccp32.lib /MANIFEST /MANIFESTUAC:"level='asInvoker' uiAccess='false'" /manifest:embed /DEBUG /PDB:"C:\ARProjects\ArTest\Debug\ArTest.pdb" /TLBID:1 /DYNAMICBASE /NXCOMPAT /IMPLIB:"C:\ARProjects\ArTest\Debug\ArTest.lib" /MACHINE:X86 Debug\Source.obj
     1>LINK : fatal error LNK1104: cannot open file 'libARvideod.lib'
     1>Done Building Project "C:\ARProjects\ArTest\ArTest.vcxproj" (Build target(s)) -- FAILED.

Build FAILED.

Time Elapsed 00:00:00.16
